生成启动时间为 2018/3/13 14:50:56。
     1>项目“D:\USER\Desktop\Qt Learning  Projects\5-Axis Dispenser Qt UI Interface.20180313\5-Axis Dispenser Qt UI Interface.20180313\5-Axis Dispenser Qt UI Interface.20180313.vcxproj”在节点 2 上(Build 个目标)。
     1>CustomBuild:
         Moc'ing dispenser.h...
         Uic'ing dispenser.ui...
         Rcc'ing dispenser.qrc...
     1>RCC : warning : No resources in 'D:\USER\Desktop\Qt Learning  Projects\5-Axis Dispenser Qt UI Interface.20180313\5-Axis Dispenser Qt UI Interface.20180313\dispenser.qrc'.
         
     1>C:\Program Files (x86)\MSBuild\Microsoft.Cpp\v4.0\V120\Microsoft.CppBuild.targets(935,5): warning MSB8027: Two or more files with the name of moc_dispenser.cpp will produce outputs to the same location. This can lead to an incorrect build result.  The files involved are GeneratedFiles\Debug\moc_dispenser.cpp, GeneratedFiles\Release\moc_dispenser.cpp.
       ClCompile:
         C:\Program Files (x86)\Microsoft Visual Studio 12.0\VC\bin\CL.exe /c /I.\GeneratedFiles /I. /IC:\Qt\Qt5.6.0\5.6\msvc2013\include /I.\GeneratedFiles\Debug /IC:\Qt\Qt5.6.0\5.6\msvc2013\include\QtCore /IC:\Qt\Qt5.6.0\5.6\msvc2013\include\QtGui /IC:\Qt\Qt5.6.0\5.6\msvc2013\include\QtOpenGL /IC:\Qt\Qt5.6.0\5.6\msvc2013\include\QtSerialPort /IC:\Qt\Qt5.6.0\5.6\msvc2013\include\QtUiTools /IC:\Qt\Qt5.6.0\5.6\msvc2013\include\QtWidgets /Zi /nologo /W1 /WX- /Od /Oy- /D UNICODE /D WIN32 /D WIN64 /D QT_DLL /D QT_CORE_LIB /D QT_GUI_LIB /D QT_OPENGL_LIB /D QT_SERIALPORT_LIB /D QT_UITOOLS_LIB /D QT_WIDGETS_LIB /Gm- /EHsc /MDd /GS /fp:precise /Zc:wchar_t /Zc:forScope /Fo"Debug\\" /Fd"Debug\vc120.pdb" /Gd /TP /analyze- /errorReport:prompt dispenser.cpp GeneratedFiles\Debug\moc_dispenser.cpp main.cpp
         dispenser.cpp
         moc_dispenser.cpp
         main.cpp
         正在生成代码...
         C:\Program Files (x86)\Microsoft Visual Studio 12.0\VC\bin\CL.exe /c /I.\GeneratedFiles /I. /IC:\Qt\Qt5.6.0\5.6\msvc2013\include /I.\GeneratedFiles\Debug /IC:\Qt\Qt5.6.0\5.6\msvc2013\include\QtCore /IC:\Qt\Qt5.6.0\5.6\msvc2013\include\QtGui /IC:\Qt\Qt5.6.0\5.6\msvc2013\include\QtOpenGL /IC:\Qt\Qt5.6.0\5.6\msvc2013\include\QtSerialPort /IC:\Qt\Qt5.6.0\5.6\msvc2013\include\QtUiTools /IC:\Qt\Qt5.6.0\5.6\msvc2013\include\QtWidgets /Zi /nologo /W1 /WX- /Od /Oy- /D UNICODE /D WIN32 /D WIN64 /D QT_DLL /D QT_CORE_LIB /D QT_GUI_LIB /D QT_OPENGL_LIB /D QT_SERIALPORT_LIB /D QT_UITOOLS_LIB /D QT_WIDGETS_LIB /Gm- /EHsc /MDd /GS /fp:precise /Zc:wchar_t /Zc:forScope /Fo"Debug\\" /Fd"Debug\vc120.pdb" /Gd /TP /analyze- /errorReport:prompt GeneratedFiles\qrc_dispenser.cpp
         qrc_dispenser.cpp
       Link:
         C:\Program Files (x86)\Microsoft Visual Studio 12.0\VC\bin\link.exe /ERRORREPORT:PROMPT /OUT:"D:\USER\Desktop\Qt Learning  Projects\5-Axis Dispenser Qt UI Interface.20180313\Win32\Debug\\5-Axis Dispenser Qt UI Interface.20180313.exe" /NOLOGO /LIBPATH:C:\Qt\Qt5.6.0\5.6\msvc2013\lib qtmaind.lib Qt5Cored.lib Qt5Guid.lib Qt5OpenGLd.lib opengl32.lib glu32.lib Qt5SerialPortd.lib Qt5UiToolsd.lib Qt5Widgetsd.lib kernel32.lib user32.lib gdi32.lib winspool.lib comdlg32.lib advapi32.lib shell32.lib ole32.lib oleaut32.lib uuid.lib odbc32.lib odbccp32.lib /MANIFEST /MANIFESTUAC:"level='asInvoker' uiAccess='false'" /manifest:embed /DEBUG /PDB:"D:\USER\Desktop\Qt Learning  Projects\5-Axis Dispenser Qt UI Interface.20180313\Win32\Debug\5-Axis Dispenser Qt UI Interface.20180313.pdb" /SUBSYSTEM:WINDOWS /TLBID:1 /DYNAMICBASE /NXCOMPAT /IMPLIB:"D:\USER\Desktop\Qt Learning  Projects\5-Axis Dispenser Qt UI Interface.20180313\Win32\Debug\5-Axis Dispenser Qt UI Interface.20180313.lib" /MACHINE:X86 /SAFESEH Debug\dispenser.obj
         Debug\moc_dispenser.obj
         Debug\qrc_dispenser.obj
         Debug\main.obj
         5-Axis Dispenser Qt UI Interface.20180313.vcxproj -> D:\USER\Desktop\Qt Learning  Projects\5-Axis Dispenser Qt UI Interface.20180313\Win32\Debug\5-Axis Dispenser Qt UI Interface.20180313.exe
     1>已完成生成项目“D:\USER\Desktop\Qt Learning  Projects\5-Axis Dispenser Qt UI Interface.20180313\5-Axis Dispenser Qt UI Interface.20180313\5-Axis Dispenser Qt UI Interface.20180313.vcxproj”(Build 个目标)的操作。

生成成功。

已用时间 00:00:05.79
