生成启动时间为 2018/3/27 15:13:14。
     1>项目“D:\USER\Desktop\Qt Learning  Projects\Demo004\Demo004\Demo004.vcxproj”在节点 2 上(Build 个目标)。
     1>C:\Program Files (x86)\MSBuild\Microsoft.Cpp\v4.0\V120\Microsoft.CppBuild.targets(935,5): warning MSB8027: Two or more files with the name of moc_demo004.cpp will produce outputs to the same location. This can lead to an incorrect build result.  The files involved are GeneratedFiles\Debug\moc_demo004.cpp, GeneratedFiles\Release\moc_demo004.cpp.
     1>C:\Program Files (x86)\MSBuild\Microsoft.Cpp\v4.0\V120\Microsoft.CppBuild.targets(935,5): warning MSB8027: Two or more files with the name of moc_DlgSelect.cpp will produce outputs to the same location. This can lead to an incorrect build result.  The files involved are GeneratedFiles\Debug\moc_DlgSelect.cpp, GeneratedFiles\Release\moc_DlgSelect.cpp.
     1>ClCompile:
         C:\Program Files (x86)\Microsoft Visual Studio 12.0\VC\bin\CL.exe /c /I.\GeneratedFiles /I. /IC:\Qt\Qt5.6.0\5.6\msvc2013\include /I.\GeneratedFiles\Debug /IC:\Qt\Qt5.6.0\5.6\msvc2013\include\QtCore /IC:\Qt\Qt5.6.0\5.6\msvc2013\include\QtGui /IC:\Qt\Qt5.6.0\5.6\msvc2013\include\QtWidgets /I.\DlgSelect /Zi /nologo /W1 /WX- /Od /Oy- /D UNICODE /D WIN32 /D WIN64 /D QT_DLL /D QT_CORE_LIB /D QT_GUI_LIB /D QT_WIDGETS_LIB /Gm- /EHsc /MDd /GS /fp:precise /Zc:wchar_t /Zc:forScope /Fo"Debug\\" /Fd"Debug\vc120.pdb" /Gd /TP /analyze- /errorReport:prompt DlgSelect\DlgSelect.cpp
         DlgSelect.cpp
       Link:
         C:\Program Files (x86)\Microsoft Visual Studio 12.0\VC\bin\link.exe /ERRORREPORT:PROMPT /OUT:"D:\USER\Desktop\Qt Learning  Projects\Demo004\Win32\Debug\\Demo004.exe" /NOLOGO /LIBPATH:C:\Qt\Qt5.6.0\5.6\msvc2013\lib qtmaind.lib Qt5Cored.lib Qt5Guid.lib Qt5Widgetsd.lib kernel32.lib user32.lib gdi32.lib winspool.lib comdlg32.lib advapi32.lib shell32.lib ole32.lib oleaut32.lib uuid.lib odbc32.lib odbccp32.lib /MANIFEST /MANIFESTUAC:"level='asInvoker' uiAccess='false'" /manifest:embed /DEBUG /PDB:"D:\USER\Desktop\Qt Learning  Projects\Demo004\Win32\Debug\Demo004.pdb" /SUBSYSTEM:WINDOWS /TLBID:1 /DYNAMICBASE /NXCOMPAT /IMPLIB:"D:\USER\Desktop\Qt Learning  Projects\Demo004\Win32\Debug\Demo004.lib" /MACHINE:X86 /SAFESEH Debug\DlgSelect.obj
         Debug\moc_demo004.obj
         Debug\moc_DlgSelect.obj
         Debug\qrc_demo004.obj
         Debug\AfCd_Win32.obj
         Debug\demo004.obj
         Debug\main.obj
         Debug\Source.obj
         Debug\tinystr.obj
         Debug\tinyxml.obj
         Debug\tinyxmlerror.obj
         Debug\tinyxmlparser.obj
         Demo004.vcxproj -> D:\USER\Desktop\Qt Learning  Projects\Demo004\Win32\Debug\Demo004.exe
     1>已完成生成项目“D:\USER\Desktop\Qt Learning  Projects\Demo004\Demo004\Demo004.vcxproj”(Build 个目标)的操作。

生成成功。

已用时间 00:00:02.22
